[debug] [2021-02-10T10:21:03.961Z] ----------------------------------------------------------------------
[debug] [2021-02-10T10:21:03.963Z] Command:       C:\Program Files\nodejs\node.exe C:\Users\Matan Elbaz\AppData\Roaming\npm\node_modules\firebase-tools\lib\bin\firebase.js init
[debug] [2021-02-10T10:21:03.963Z] CLI Version:   9.3.0
[debug] [2021-02-10T10:21:03.963Z] Platform:      win32
[debug] [2021-02-10T10:21:03.963Z] Node Version:  v12.14.0
[debug] [2021-02-10T10:21:03.964Z] Time:          Wed Feb 10 2021 12:21:03 GMT+0200 (GMT+02:00)
[debug] [2021-02-10T10:21:03.964Z] ----------------------------------------------------------------------
[debug] [2021-02-10T10:21:03.964Z] 
[debug] [2021-02-10T10:21:03.970Z] > command requires scopes: ["email","openid","https://www.googleapis.com/auth/cloudplatformprojects.readonly","https://www.googleapis.com/auth/firebase","https://www.googleapis.com/auth/cloud-platform"]
[debug] [2021-02-10T10:21:03.971Z] > authorizing via signed-in user
[info] 
     ######## #### ########  ######## ########     ###     ######  ########
     ##        ##  ##     ## ##       ##     ##  ##   ##  ##       ##
     ######    ##  ########  ######   ########  #########  ######  ######
     ##        ##  ##    ##  ##       ##     ## ##     ##       ## ##
     ##       #### ##     ## ######## ########  ##     ##  ######  ########

You're about to initialize a Firebase project in this directory:

  C:\Users\Matan Elbaz\angular-workspace\New App\weather-app

[info] 
=== Project Setup
[info] 
[info] First, let's associate this project directory with a Firebase project.
[info] You can create multiple project aliases by running firebase use --add, 
[info] but for now we'll just set up a default project.
[info] 
[debug] [2021-02-10T10:21:09.660Z] >>> [apiv2][query] GET https://firebase.googleapis.com/v1beta1/projects pageSize=100
[debug] [2021-02-10T10:21:10.092Z] <<< [apiv2][status] GET https://firebase.googleapis.com/v1beta1/projects 200
[debug] [2021-02-10T10:21:10.093Z] <<< [apiv2][body] GET https://firebase.googleapis.com/v1beta1/projects [omitted]
[info] i  Using project weather-app-840d3 (weather-app) 
[info] 
=== Hosting Setup
[info] 
[info] Your public directory is the folder (relative to your project directory) that
[info] will contain Hosting assets to be uploaded with firebase deploy. If you
[info] have a build process for your assets, use your build's output directory.
[info] 
[info] +  Wrote public/404.html 
[debug] [2021-02-10T10:21:59.410Z] >>> [apiv2][query] GET https://www.gstatic.com/firebasejs/releases.json [none]
[debug] [2021-02-10T10:21:59.626Z] <<< [apiv2][status] GET https://www.gstatic.com/firebasejs/releases.json 200
[debug] [2021-02-10T10:21:59.626Z] <<< [apiv2][body] GET https://www.gstatic.com/firebasejs/releases.json {"current":{"version":"8.2.6","browserURL":"https://www.gstatic.com/firebasejs/8.2.6/firebase.js","packageURL":"https://www.gstatic.com/firebasejs/8.2.6/firebase.tgz"},"live":{"version":"8.2","browserURL":"https://www.gstatic.com/firebasejs/live/8.2/firebase.js","packageURL":"https://www.gstatic.com/firebasejs/live/8.2/firebase.tgz"},"components":{"analytics":"https://www.gstatic.com/firebasejs/8.2.6/firebase-analytics.js","app":"https://www.gstatic.com/firebasejs/8.2.6/firebase-app.js","auth":"https://www.gstatic.com/firebasejs/8.2.6/firebase-auth.js","database":"https://www.gstatic.com/firebasejs/8.2.6/firebase-database.js","firestore":"https://www.gstatic.com/firebasejs/8.2.6/firebase-firestore.js","functions":"https://www.gstatic.com/firebasejs/8.2.6/firebase-functions.js","installations":"https://www.gstatic.com/firebasejs/8.2.6/firebase-installations.js","messaging":"https://www.gstatic.com/firebasejs/8.2.6/firebase-messaging.js","storage":"https://www.gstatic.com/firebasejs/8.2.6/firebase-storage.js","performance":"https://www.gstatic.com/firebasejs/8.2.6/firebase-performance.js","remote-config":"https://www.gstatic.com/firebasejs/8.2.6/firebase-remote-config.js","firestore.memory":"https://www.gstatic.com/firebasejs/8.2.6/firebase-firestore.memory.js"}}
[info] +  Wrote public/index.html 
[info] 
[info] i  Detected a .git folder at C:\Users\Matan Elbaz\angular-workspace\New App\weather-app 
[info] i  Authorizing with GitHub to upload your service account to a GitHub repository's secrets store. 
[info] 
[info] Visit this URL on this device to log in:
[info] https://github.com/login/oauth/authorize?client_id=89cf50f02ac6aaed3484&state=35981204&redirect_uri=http%3A%2F%2Flocalhost%3A9005&scope=read%3Auser%20repo%20public_repo
[info] 
[info] Waiting for authentication...
[debug] [2021-02-10T10:22:17.567Z] >>> HTTP REQUEST POST https://github.com/login/oauth/access_token  
 {"client_id":"89cf50f02ac6aaed3484","client_secret":"3330d14abc895d9a74d5f17cd7a00711fa2c5bf0","code":"b210f43fe2f6c7621a4d","redirect_uri":"http://localhost:9005","state":"35981204"}
[debug] [2021-02-10T10:22:17.977Z] <<< HTTP RESPONSE 200 {"date":"Wed, 10 Feb 2021 10:22:09 GMT","content-type":"application/json; charset=utf-8","transfer-encoding":"chunked","server":"GitHub.com","vary":"X-PJAX, Accept-Encoding, Accept, X-Requested-With, Accept-Encoding","etag":"W/\"471c308256f9cc0fc7ecd971f22e5e24\"","cache-control":"max-age=0, private, must-revalidate","strict-transport-security":"max-age=31536000; includeSubdomains; preload","x-frame-options":"deny","x-content-type-options":"nosniff","x-xss-protection":"1; mode=block","referrer-policy":"origin-when-cross-origin, strict-origin-when-cross-origin","expect-ct":"max-age=2592000, report-uri=\"https://api.github.com/_private/browser/errors\"","content-security-policy":"default-src 'none'; base-uri 'self'; block-all-mixed-content; connect-src 'self' uploads.github.com www.githubstatus.com collector.githubapp.com api.github.com github-cloud.s3.amazonaws.com github-production-repository-file-5c1aeb.s3.amazonaws.com github-production-upload-manifest-file-7fdce7.s3.amazonaws.com github-production-user-asset-6210df.s3.amazonaws.com cdn.optimizely.com logx.optimizely.com/v1/events wss://alive.github.com; font-src github.githubassets.com; form-action 'self' github.com gist.github.com; frame-ancestors 'none'; frame-src render.githubusercontent.com; img-src 'self' data: github.githubassets.com identicons.github.com collector.githubapp.com github-cloud.s3.amazonaws.com *.githubusercontent.com; manifest-src 'self'; media-src 'none'; script-src github.githubassets.com; style-src 'unsafe-inline' github.githubassets.com; worker-src github.com/socket-worker-5029ae85.js gist.github.com/socket-worker-5029ae85.js","x-github-request-id":"DAE3:D3AB:1DDB1D0:2597716:6023B3D1"}
[debug] [2021-02-10T10:22:17.979Z] >>> [apiv2][query] GET https://api.github.com/user [none]
[debug] [2021-02-10T10:22:18.490Z] <<< [apiv2][status] GET https://api.github.com/user 200
[debug] [2021-02-10T10:22:18.491Z] <<< [apiv2][body] GET https://api.github.com/user {"login":"MatanElbaz","id":59401022,"node_id":"MDQ6VXNlcjU5NDAxMDIy","avatar_url":"https://avatars.githubusercontent.com/u/59401022?v=4","gravatar_id":"","url":"https://api.github.com/users/MatanElbaz","html_url":"https://github.com/MatanElbaz","followers_url":"https://api.github.com/users/MatanElbaz/followers","following_url":"https://api.github.com/users/MatanElbaz/following{/other_user}","gists_url":"https://api.github.com/users/MatanElbaz/gists{/gist_id}","starred_url":"https://api.github.com/users/MatanElbaz/starred{/owner}{/repo}","subscriptions_url":"https://api.github.com/users/MatanElbaz/subscriptions","organizations_url":"https://api.github.com/users/MatanElbaz/orgs","repos_url":"https://api.github.com/users/MatanElbaz/repos","events_url":"https://api.github.com/users/MatanElbaz/events{/privacy}","received_events_url":"https://api.github.com/users/MatanElbaz/received_events","type":"User","site_admin":false,"name":"Matan Elbaz","company":null,"blog":"","location":"Israel","email":null,"hireable":true,"bio":"My name is Matan Elbaz,\r\nI'm 23, a software developer from Israel.\r\nusing Java / Spring / SpringBoot / Angular / HTML / CSS / TS /Android.","twitter_username":null,"public_repos":6,"public_gists":0,"followers":0,"following":1,"created_at":"2019-12-31T21:49:13Z","updated_at":"2021-02-10T10:22:08Z","private_gists":1,"total_private_repos":2,"owned_private_repos":2,"disk_usage":36860,"collaborators":0,"two_factor_authentication":false,"plan":{"name":"free","space":976562499,"collaborators":0,"private_repos":10000}}
[info] 
[info] +  Success! Logged into GitHub as MatanElbaz 
[info] 
[debug] [2021-02-10T10:22:29.518Z] >>> [apiv2][query] GET https://api.github.com/repos/n/actions/secrets/public-key type=owner
[debug] [2021-02-10T10:22:29.862Z] <<< [apiv2][status] GET https://api.github.com/repos/n/actions/secrets/public-key 404
[debug] [2021-02-10T10:22:29.862Z] <<< [apiv2][body] GET https://api.github.com/repos/n/actions/secrets/public-key {"message":"Not Found","documentation_url":"https://docs.github.com/rest"}
[debug] [2021-02-10T10:25:18.189Z] >>> [apiv2][query] GET https://api.github.com/repos/ng-build -—prod/actions/secrets/public-key type=owner
